<?xml version="1.0" encoding="UTF-8"?>
<!-- Generated by org.testng.reporters.JUnitReportReporter -->
<testsuite hostname="LAPTOP-0RL4LT3R" failures="0" tests="5" name="com.qa.opencart.tests.LoginPageTest" time="16.370" errors="0" timestamp="22 Mar 2021 10:06:32 GMT" skipped="0">
  <testcase classname="com.qa.opencart.tests.LoginPageTest" name="verifyLoginPageTitleTest" time="0.692"/>
  <testcase classname="com.qa.opencart.tests.LoginPageTest" name="verifyNewCustomerBtnTest" time="2.726"/>
  <testcase classname="com.qa.opencart.tests.LoginPageTest" name="verifyForgotPwdLinkTest" time="1.072"/>
  <testcase classname="com.qa.opencart.tests.LoginPageTest" name="verifyRegisterAccntTextTest" time="0.041"/>
  <testcase classname="com.qa.opencart.tests.LoginPageTest" name="userLoginTest" time="11.839"/>
</testsuite> <!-- com.qa.opencart.tests.LoginPageTest -->
