<?xml version="1.0" encoding="UTF-8"?>
<!-- Generated by org.testng.reporters.JUnitReportReporter -->
<testsuite hostname="LAPTOP-0RL4LT3R" failures="0" tests="5" name="com.qa.opencart.tests.LoginPageTest" time="126.020" errors="0" timestamp="24 Feb 2021 18:50:16 GMT" skipped="0">
  <testcase classname="com.qa.opencart.tests.LoginPageTest" name="verifyLoginPageTitle" time="21.935"/>
  <testcase classname="com.qa.opencart.tests.LoginPageTest" name="verifyNewCustomerBtn" time="21.018"/>
  <testcase classname="com.qa.opencart.tests.LoginPageTest" name="verifyForgotPwdLink" time="20.954"/>
  <testcase classname="com.qa.opencart.tests.LoginPageTest" name="verifyRegisterAccntText" time="22.128"/>
  <testcase classname="com.qa.opencart.tests.LoginPageTest" name="userLogin" time="39.985"/>
</testsuite> <!-- com.qa.opencart.tests.LoginPageTest -->
